android/app/release/mapping.txt
# compiler: R8
# compiler_version: 9.4.14
# min_api: 24
# common_typos_disable
# {"id":"com.android.tools.r8.mapping","version":"2.2"}
# pg_map_id: 896f41970b953ca593d0e08cdb75aae0aee9dc7a2da14f46ebc712c9d8de6032
# pg_map_hash: SHA-256 896f41970b953ca593d0e08cdb75aae0aee9dc7a2da14f46ebc712c9d8de6032
com.player99inc.sharpjob.MainActivity -> com.player99inc.sharpjob.MainActivity:
# {"id":"sourceFile","fileName":"MainActivity.java"}
    1:4:void <init>():7:7 -> <init>
    1:10:void onCreate(android.os.Bundle):18:18 -> onCreate
    11:13:void onCreate(android.os.Bundle):19:19 -> onCreate
    14:19:androidx.activity.SystemBarStyle androidx.activity.SystemBarStyle$Companion.auto$default(androidx.activity.SystemBarStyle$Companion,int,int,kotlin.jvm.functions.Function1,int,java.lang.Object):142:142 -> onCreate
    14:19:void androidx.activity.EdgeToEdge.enable$default(androidx.activity.ComponentActivity,androidx.activity.SystemBarStyle,androidx.activity.SystemBarStyle,int,java.lang.Object):70 -> onCreate
    14:19:void androidx.activity.EdgeToEdge.enable(androidx.activity.ComponentActivity):0 -> onCreate
    14:19:void onCreate(android.os.Bundle):20 -> onCreate
    20:22:androidx.activity.SystemBarStyle androidx.activity.SystemBarStyle$Companion.auto(int,int,kotlin.jvm.functions.Function1):147:147 -> onCreate
    20:22:androidx.activity.SystemBarStyle androidx.activity.SystemBarStyle$Companion.auto$default(androidx.activity.SystemBarStyle$Companion,int,int,kotlin.jvm.functions.Function1,int,java.lang.Object):137 -> onCreate
    20:22:void androidx.activity.EdgeToEdge.enable$default(androidx.activity.ComponentActivity,androidx.activity.SystemBarStyle,androidx.activity.SystemBarStyle,int,java.lang.Object):70 -> onCreate
...
androidx.appcompat.widget.TintInfo -> db0:
# {"id":"sourceFile","fileName":"TintInfo.java"}
    android.content.res.ColorStateList mTintList -> a
    android.graphics.PorterDuff$Mode mTintMode -> b
    boolean mHasTintMode -> c
    boolean mHasTintList -> d
androidx.appcompat.widget.TintResources -> eb0:
# {"id":"sourceFile","fileName":"TintResources.java"}
androidx.appcompat.widget.Toolbar -> androidx.appcompat.widget.Toolbar:
# {"id":"sourceFile","fileName":"Toolbar.java"}
    android.content.res.ColorStateList mTitleTextColor -> A
    android.content.res.ColorStateList mSubtitleTextColor -> B
    boolean mEatingTouch -> C
    boolean mEatingHover -> D
    java.util.ArrayList mTempViews -> E
    java.util.ArrayList mHiddenViews -> F
    int[] mTempMargins -> G
    androidx.core.view.MenuHostHelper mMenuHostHelper -> H
      # {"id":"com.android.tools.r8.residualsignature","signature":"Llx;"}
    java.util.ArrayList mProvidedMenuItems -> I
    androidx.appcompat.widget.Toolbar$OnMenuItemClickListener mOnMenuItemClickListener -> J
      # {"id":"com.android.tools.r8.residualsignature","signature":"Ljb0;"}
    androidx.appcompat.widget.ActionMenuView$OnMenuItemClickListener mMenuViewItemClickListener -> K
      # {"id":"com.android.tools.r8.residualsignature","signature":"Lmr;"}
    androidx.appcompat.widget.ToolbarWidgetWrapper mWrapper -> L
      # {"id":"com.android.tools.r8.residualsignature","signature":"Lob0;"}
    androidx.appcompat.widget.ActionMenuPresenter mOuterActionMenuPresenter -> M
      # {"id":"com.android.tools.r8.residualsignature","signature":"Ll1;"}
    androidx.appcompat.widget.Toolbar$ExpandedActionViewMenuPresenter mExpandedMenuPresenter -> N
      # {"id":"com.android.tools.r8.residualsignature","signature":"Lhb0;"}
    androidx.appcompat.view.menu.MenuPresenter$Callback mActionMenuPresenterCallback -> O
androidx.appcompat.widget.Toolbar$$ExternalSyntheticLambda0 -> fb0:
# {"id":"sourceFile","fileName":"R8$$SyntheticClass"}
# {"id":"com.android.tools.r8.synthesized"}
    byte Toolbar$$ExternalSyntheticLambda0.$r8$classId -> b
      # {"id":"com.android.tools.r8.synthesized"}
    androidx.appcompat.widget.Toolbar androidx.appcompat.widget.Toolbar$$InternalSyntheticLambda$1$961068efc114fdee3eb6e073708e0a03cb38f85330d946b069114964c9558ff4$0.f$0 -> c
      # {"id":"com.android.tools.r8.synthesized"}
    1:8:void Toolbar$$ExternalSyntheticLambda0.<init>(androidx.appcompat.widget.Toolbar,byte):0:0 -> <init>
      # {"id":"com.android.tools.r8.synthesized"}
    12:17:void androidx.appcompat.widget.Toolbar.collapseActionView():792:792 -> run
    18:21:void androidx.appcompat.widget.Toolbar.collapseActionView():793:793 -> run
    22:26:void androidx.appcompat.widget.Toolbar.collapseActionView():795:795 -> run
androidx.appcompat.widget.Toolbar$Api33Impl -> gb0:
# {"id":"sourceFile","fileName":"Toolbar.java"}
    1:5:android.window.OnBackInvokedDispatcher findOnBackInvokedDispatcher(android.view.View):2819:2819 -> a
    1:10:android.window.OnBackInvokedCallback newOnBackInvokedCallback(java.lang.Runnable):2825:2825 -> b
    1:5:void tryRegisterOnBackInvokedCallback(java.lang.Object,java.lang.Object):2804:2804 -> c
    6:11:void tryRegisterOnBackInvokedCallback(java.lang.Object,java.lang.Object):2805:2805 -> c
    1:2:void tryUnregisterOnBackInvokedCallback(java.lang.Object,java.lang.Object):2812:2812 -> d
    3:8:void tryUnregisterOnBackInvokedCallback(java.lang.Object,java.lang.Object):2813:2813 -> d